{"C:\\Users\\0620056509\\Desktop\\Aurelia-Plugin-Skeleton-Webpack-master\\src\\app.ts": {"path":"C:\\Users\\0620056509\\Desktop\\Aurelia-Plugin-Skeleton-Webpack-master\\src\\app.ts","statementMap":{"0":{"start":{"line":1,"column":0},"end":{"line":1,"column":19}},"1":{"start":{"line":3,"column":0},"end":{"line":5,"column":0}},"2":{"start":{"line":4,"column":2},"end":{"line":4,"column":27}},"3":{"start":{"line":5,"column":0},"end":{"line":5,"column":1}},"4":{"start":{"line":3,"column":13},"end":{"line":3,"column":16}}},"fnMap":{"0":{"name":"(anonymous_0)","decl":{"start":{"line":3,"column":0},"end":{"line":null,"column":-1}},"loc":{"start":{"line":3,"column":0},"end":{"line":3,"column":-1}}}},"branchMap":{},"s":{"0":0,"1":0,"2":0,"3":0,"4":0},"f":{"0":0},"b":{}}
,"C:\\Users\\0620056509\\Desktop\\Aurelia-Plugin-Skeleton-Webpack-master\\src\\environment.ts": {"path":"C:\\Users\\0620056509\\Desktop\\Aurelia-Plugin-Skeleton-Webpack-master\\src\\environment.ts","statementMap":{"0":{"start":{"line":1,"column":0},"end":{"line":4,"column":2}}},"fnMap":{},"branchMap":{},"s":{"0":0},"f":{},"b":{}}
,"C:\\Users\\0620056509\\Desktop\\Aurelia-Plugin-Skeleton-Webpack-master\\src\\main.ts": {"path":"C:\\Users\\0620056509\\Desktop\\Aurelia-Plugin-Skeleton-Webpack-master\\src\\main.ts","statementMap":{"0":{"start":{"line":4,"column":0},"end":{"line":4,"column":39}},"1":{"start":{"line":5,"column":0},"end":{"line":5,"column":38}},"2":{"start":{"line":6,"column":0},"end":{"line":6,"column":36}},"3":{"start":{"line":9,"column":0},"end":{"line":9,"column":59}},"4":{"start":{"line":12,"column":2},"end":{"line":15,"column":67}},"5":{"start":{"line":18,"column":2},"end":{"line":18,"column":66}},"6":{"start":{"line":24,"column":2},"end":{"line":24,"column":71}},"7":{"start":{"line":26,"column":2},"end":{"line":28,"column":3}},"8":{"start":{"line":27,"column":4},"end":{"line":27,"column":63}},"9":{"start":{"line":30,"column":2},"end":{"line":32,"column":61}},"10":{"start":{"line":32,"column":16},"end":{"line":32,"column":59}},"11":{"start":{"line":11,"column":0},"end":{"line":33,"column":1}}},"fnMap":{"0":{"name":"configure","decl":{"start":{"line":11,"column":16},"end":{"line":11,"column":25}},"loc":{"start":{"line":11,"column":42},"end":{"line":33,"column":1}}},"1":{"name":"(anonymous_1)","decl":{"start":{"line":32,"column":10},"end":{"line":32,"column":15}},"loc":{"start":{"line":32,"column":10},"end":{"line":32,"column":59}}}},"branchMap":{"0":{"loc":{"start":{"line":24,"column":53},"end":{"line":24,"column":60}},"type":"cond-expr","locations":[{"start":{"line":24,"column":53},"end":{"line":24,"column":60}},{"start":{"line":24,"column":63},"end":{"line":24,"column":69}}]},"1":{"loc":{"start":{"line":26,"column":2},"end":{"line":28,"column":3}},"type":"if","locations":[{"start":{"line":26,"column":2},"end":{"line":28,"column":3}},{"start":{"line":26,"column":2},"end":{"line":28,"column":3}}]}},"s":{"0":0,"1":0,"2":0,"3":0,"4":0,"5":0,"6":0,"7":0,"8":0,"9":0,"10":0,"11":0},"f":{"0":0,"1":0},"b":{"0":[0,0],"1":[0,0]}}
,"C:\\Users\\0620056509\\Desktop\\Aurelia-Plugin-Skeleton-Webpack-master\\src\\projects\\bootstrap\\index.ts": {"path":"C:\\Users\\0620056509\\Desktop\\Aurelia-Plugin-Skeleton-Webpack-master\\src\\projects\\bootstrap\\index.ts","statementMap":{"0":{"start":{"line":2,"column":0},"end":{"line":2,"column":63}},"1":{"start":{"line":3,"column":0},"end":{"line":3,"column":65}},"2":{"start":{"line":6,"column":2},"end":{"line":6,"column":25}},"3":{"start":{"line":7,"column":2},"end":{"line":7,"column":26}},"4":{"start":{"line":5,"column":0},"end":{"line":8,"column":1}}},"fnMap":{"0":{"name":"configure","decl":{"start":{"line":5,"column":16},"end":{"line":5,"column":25}},"loc":{"start":{"line":5,"column":56},"end":{"line":8,"column":1}}}},"branchMap":{},"s":{"0":0,"1":0,"2":0,"3":0,"4":0},"f":{"0":0},"b":{}}
,"C:\\Users\\0620056509\\Desktop\\Aurelia-Plugin-Skeleton-Webpack-master\\src\\projects\\bootstrap-plus\\index.ts": {"path":"C:\\Users\\0620056509\\Desktop\\Aurelia-Plugin-Skeleton-Webpack-master\\src\\projects\\bootstrap-plus\\index.ts","statementMap":{"0":{"start":{"line":2,"column":0},"end":{"line":2,"column":68}},"1":{"start":{"line":5,"column":2},"end":{"line":5,"column":26}},"2":{"start":{"line":4,"column":0},"end":{"line":6,"column":1}}},"fnMap":{"0":{"name":"configure","decl":{"start":{"line":4,"column":16},"end":{"line":4,"column":25}},"loc":{"start":{"line":4,"column":56},"end":{"line":6,"column":1}}}},"branchMap":{},"s":{"0":0,"1":0,"2":0},"f":{"0":0},"b":{}}
,"C:\\Users\\0620056509\\Desktop\\Aurelia-Plugin-Skeleton-Webpack-master\\src\\projects\\bootstrap-plus\\src\\at-toggle\\at-toggle.ts": {"path":"C:\\Users\\0620056509\\Desktop\\Aurelia-Plugin-Skeleton-Webpack-master\\src\\projects\\bootstrap-plus\\src\\at-toggle\\at-toggle.ts","statementMap":{"0":{"start":{"line":1,"column":0},"end":{"line":1,"column":45}},"1":{"start":{"line":2,"column":0},"end":{"line":2,"column":64}},"2":{"start":{"line":5,"column":0},"end":{"line":9,"column":0}},"3":{"start":{"line":7,"column":16},"end":{"line":7,"column":71}},"4":{"start":{"line":9,"column":0},"end":{"line":9,"column":1}},"5":{"start":{"line":5,"column":13},"end":{"line":5,"column":21}}},"fnMap":{"0":{"name":"(anonymous_2)","decl":{"start":{"line":5,"column":0},"end":{"line":null,"column":-1}},"loc":{"start":{"line":5,"column":0},"end":{"line":5,"column":-1}}}},"branchMap":{},"s":{"0":0,"1":0,"2":0,"3":0,"4":0,"5":0},"f":{"0":0},"b":{}}
,"C:\\Users\\0620056509\\Desktop\\Aurelia-Plugin-Skeleton-Webpack-master\\src\\projects\\bootstrap-plus\\src\\at-toggle\\index.ts": {"path":"C:\\Users\\0620056509\\Desktop\\Aurelia-Plugin-Skeleton-Webpack-master\\src\\projects\\bootstrap-plus\\src\\at-toggle\\index.ts","statementMap":{"0":{"start":{"line":2,"column":0},"end":{"line":2,"column":38}},"1":{"start":{"line":9,"column":2},"end":{"line":11,"column":5}},"2":{"start":{"line":5,"column":0},"end":{"line":12,"column":1}}},"fnMap":{"0":{"name":"configure","decl":{"start":{"line":5,"column":16},"end":{"line":5,"column":25}},"loc":{"start":{"line":5,"column":56},"end":{"line":12,"column":1}}}},"branchMap":{},"s":{"0":0,"1":0,"2":0},"f":{"0":0},"b":{}}
,"C:\\Users\\0620056509\\Desktop\\Aurelia-Plugin-Skeleton-Webpack-master\\src\\projects\\bootstrap\\at-alert\\at-alert.ts": {"path":"C:\\Users\\0620056509\\Desktop\\Aurelia-Plugin-Skeleton-Webpack-master\\src\\projects\\bootstrap\\at-alert\\at-alert.ts","statementMap":{"0":{"start":{"line":1,"column":0},"end":{"line":1,"column":45}},"1":{"start":{"line":2,"column":0},"end":{"line":2,"column":64}},"2":{"start":{"line":5,"column":0},"end":{"line":9,"column":0}},"3":{"start":{"line":7,"column":16},"end":{"line":7,"column":71}},"4":{"start":{"line":9,"column":0},"end":{"line":9,"column":1}},"5":{"start":{"line":5,"column":13},"end":{"line":5,"column":20}}},"fnMap":{"0":{"name":"(anonymous_2)","decl":{"start":{"line":5,"column":0},"end":{"line":null,"column":-1}},"loc":{"start":{"line":5,"column":0},"end":{"line":5,"column":-1}}}},"branchMap":{},"s":{"0":0,"1":0,"2":0,"3":0,"4":0,"5":0},"f":{"0":0},"b":{}}
,"C:\\Users\\0620056509\\Desktop\\Aurelia-Plugin-Skeleton-Webpack-master\\src\\projects\\bootstrap\\at-alert\\index.ts": {"path":"C:\\Users\\0620056509\\Desktop\\Aurelia-Plugin-Skeleton-Webpack-master\\src\\projects\\bootstrap\\at-alert\\index.ts","statementMap":{"0":{"start":{"line":3,"column":0},"end":{"line":3,"column":36}},"1":{"start":{"line":10,"column":2},"end":{"line":12,"column":5}},"2":{"start":{"line":6,"column":0},"end":{"line":13,"column":1}}},"fnMap":{"0":{"name":"configure","decl":{"start":{"line":6,"column":16},"end":{"line":6,"column":25}},"loc":{"start":{"line":6,"column":56},"end":{"line":13,"column":1}}}},"branchMap":{},"s":{"0":0,"1":0,"2":0},"f":{"0":0},"b":{}}
,"C:\\Users\\0620056509\\Desktop\\Aurelia-Plugin-Skeleton-Webpack-master\\src\\projects\\bootstrap\\src\\button\\abt-button-group.ts": {"path":"C:\\Users\\0620056509\\Desktop\\Aurelia-Plugin-Skeleton-Webpack-master\\src\\projects\\bootstrap\\src\\button\\abt-button-group.ts","statementMap":{"0":{"start":{"line":1,"column":0},"end":{"line":1,"column":95}},"1":{"start":{"line":6,"column":0},"end":{"line":28,"column":0}},"2":{"start":{"line":18,"column":22},"end":{"line":18,"column":38}},"3":{"start":{"line":8,"column":64},"end":{"line":8,"column":80}},"4":{"start":{"line":9,"column":64},"end":{"line":9,"column":83}},"5":{"start":{"line":10,"column":64},"end":{"line":10,"column":84}},"6":{"start":{"line":11,"column":63},"end":{"line":11,"column":82}},"7":{"start":{"line":12,"column":63},"end":{"line":12,"column":82}},"8":{"start":{"line":14,"column":64},"end":{"line":14,"column":97}},"9":{"start":{"line":16,"column":64},"end":{"line":16,"column":99}},"10":{"start":{"line":20,"column":10},"end":{"line":26,"column":3}},"11":{"start":{"line":21,"column":35},"end":{"line":21,"column":96}},"12":{"start":{"line":22,"column":4},"end":{"line":22,"column":96}},"13":{"start":{"line":24,"column":35},"end":{"line":24,"column":92}},"14":{"start":{"line":25,"column":4},"end":{"line":25,"column":90}},"15":{"start":{"line":8,"column":57},"end":{"line":8,"column":80}},"16":{"start":{"line":9,"column":57},"end":{"line":9,"column":83}},"17":{"start":{"line":10,"column":57},"end":{"line":10,"column":84}},"18":{"start":{"line":11,"column":56},"end":{"line":11,"column":82}},"19":{"start":{"line":12,"column":56},"end":{"line":12,"column":82}},"20":{"start":{"line":14,"column":57},"end":{"line":14,"column":97}},"21":{"start":{"line":16,"column":57},"end":{"line":16,"column":99}},"22":{"start":{"line":6,"column":13},"end":{"line":28,"column":1}},"23":{"start":{"line":28,"column":0},"end":{"line":28,"column":1}},"24":{"start":{"line":6,"column":13},"end":{"line":6,"column":26}}},"fnMap":{"0":{"name":"(anonymous_2)","decl":{"start":{"line":6,"column":0},"end":{"line":null,"column":-1}},"loc":{"start":{"line":6,"column":0},"end":{"line":6,"column":-1}}},"1":{"name":"AtButtonGroup","decl":{"start":{"line":18,"column":2},"end":{"line":18,"column":21}},"loc":{"start":{"line":18,"column":38},"end":{"line":18,"column":43}}},"2":{"name":"(anonymous_4)","decl":{"start":{"line":20,"column":2},"end":{"line":null,"column":-1}},"loc":{"start":{"line":20,"column":2},"end":{"line":26,"column":3}}}},"branchMap":{"0":{"loc":{"start":{"line":21,"column":35},"end":{"line":21,"column":55}},"type":"binary-expr","locations":[{"start":{"line":21,"column":35},"end":{"line":21,"column":55}},{"start":{"line":21,"column":59},"end":{"line":21,"column":96}}]},"1":{"loc":{"start":{"line":22,"column":20},"end":{"line":22,"column":41}},"type":"binary-expr","locations":[{"start":{"line":22,"column":20},"end":{"line":22,"column":41}},{"start":{"line":22,"column":45},"end":{"line":22,"column":69}},{"start":{"line":22,"column":73},"end":{"line":22,"column":95}}]},"2":{"loc":{"start":{"line":24,"column":35},"end":{"line":24,"column":53}},"type":"binary-expr","locations":[{"start":{"line":24,"column":35},"end":{"line":24,"column":53}},{"start":{"line":24,"column":57},"end":{"line":24,"column":92}}]},"3":{"loc":{"start":{"line":25,"column":18},"end":{"line":25,"column":39}},"type":"binary-expr","locations":[{"start":{"line":25,"column":18},"end":{"line":25,"column":39}},{"start":{"line":25,"column":43},"end":{"line":25,"column":65}},{"start":{"line":25,"column":69},"end":{"line":25,"column":89}}]}},"s":{"0":0,"1":0,"2":0,"3":0,"4":0,"5":0,"6":0,"7":0,"8":0,"9":0,"10":0,"11":0,"12":0,"13":0,"14":0,"15":0,"16":0,"17":0,"18":0,"19":0,"20":0,"21":0,"22":0,"23":0,"24":0},"f":{"0":0,"1":0,"2":0},"b":{"0":[0,0],"1":[0,0,0],"2":[0,0],"3":[0,0,0]}}
,"C:\\Users\\0620056509\\Desktop\\Aurelia-Plugin-Skeleton-Webpack-master\\src\\projects\\bootstrap\\src\\button\\abt-button.ts": {"path":"C:\\Users\\0620056509\\Desktop\\Aurelia-Plugin-Skeleton-Webpack-master\\src\\projects\\bootstrap\\src\\button\\abt-button.ts","statementMap":{"0":{"start":{"line":2,"column":0},"end":{"line":2,"column":53}},"1":{"start":{"line":3,"column":0},"end":{"line":3,"column":87}},"2":{"start":{"line":9,"column":0},"end":{"line":73,"column":0}},"3":{"start":{"line":29,"column":22},"end":{"line":29,"column":38}},"4":{"start":{"line":11,"column":64},"end":{"line":11,"column":84}},"5":{"start":{"line":12,"column":64},"end":{"line":12,"column":88}},"6":{"start":{"line":13,"column":64},"end":{"line":13,"column":91}},"7":{"start":{"line":15,"column":64},"end":{"line":15,"column":98}},"8":{"start":{"line":16,"column":64},"end":{"line":16,"column":96}},"9":{"start":{"line":20,"column":63},"end":{"line":20,"column":82}},"10":{"start":{"line":21,"column":63},"end":{"line":21,"column":82}},"11":{"start":{"line":24,"column":63},"end":{"line":24,"column":98}},"12":{"start":{"line":26,"column":10},"end":{"line":26,"column":34}},"13":{"start":{"line":27,"column":10},"end":{"line":27,"column":44}},"14":{"start":{"line":31,"column":10},"end":{"line":42,"column":3}},"15":{"start":{"line":33,"column":34},"end":{"line":33,"column":93}},"16":{"start":{"line":34,"column":4},"end":{"line":34,"column":92}},"17":{"start":{"line":36,"column":32},"end":{"line":36,"column":87}},"18":{"start":{"line":37,"column":4},"end":{"line":37,"column":84}},"19":{"start":{"line":39,"column":35},"end":{"line":39,"column":96}},"20":{"start":{"line":40,"column":4},"end":{"line":40,"column":96}},"21":{"start":{"line":44,"column":10},"end":{"line":62,"column":3}},"22":{"start":{"line":44,"column":2},"end":{"line":62,"column":2}},"23":{"start":{"line":45,"column":4},"end":{"line":45,"column":27}},"24":{"start":{"line":47,"column":4},"end":{"line":49,"column":5}},"25":{"start":{"line":48,"column":6},"end":{"line":48,"column":13}},"26":{"start":{"line":51,"column":4},"end":{"line":53,"column":5}},"27":{"start":{"line":52,"column":6},"end":{"line":52,"column":13}},"28":{"start":{"line":55,"column":4},"end":{"line":55,"column":23}},"29":{"start":{"line":57,"column":4},"end":{"line":61,"column":8}},"30":{"start":{"line":59,"column":12},"end":{"line":59,"column":33}},"31":{"start":{"line":60,"column":12},"end":{"line":60,"column":33}},"32":{"start":{"line":64,"column":10},"end":{"line":67,"column":3}},"33":{"start":{"line":65,"column":4},"end":{"line":65,"column":21}},"34":{"start":{"line":66,"column":4},"end":{"line":66,"column":24}},"35":{"start":{"line":69,"column":10},"end":{"line":71,"column":3}},"36":{"start":{"line":70,"column":4},"end":{"line":70,"column":21}},"37":{"start":{"line":11,"column":57},"end":{"line":11,"column":84}},"38":{"start":{"line":12,"column":57},"end":{"line":12,"column":88}},"39":{"start":{"line":13,"column":57},"end":{"line":13,"column":91}},"40":{"start":{"line":14,"column":57},"end":{"line":14,"column":75}},"41":{"start":{"line":15,"column":57},"end":{"line":15,"column":98}},"42":{"start":{"line":16,"column":57},"end":{"line":16,"column":96}},"43":{"start":{"line":20,"column":56},"end":{"line":20,"column":82}},"44":{"start":{"line":21,"column":56},"end":{"line":21,"column":82}},"45":{"start":{"line":23,"column":56},"end":{"line":23,"column":79}},"46":{"start":{"line":24,"column":56},"end":{"line":24,"column":98}},"47":{"start":{"line":9,"column":13},"end":{"line":73,"column":1}},"48":{"start":{"line":73,"column":0},"end":{"line":73,"column":1}},"49":{"start":{"line":9,"column":13},"end":{"line":9,"column":21}}},"fnMap":{"0":{"name":"(anonymous_2)","decl":{"start":{"line":9,"column":0},"end":{"line":null,"column":-1}},"loc":{"start":{"line":9,"column":0},"end":{"line":9,"column":-1}}},"1":{"name":"AtButton","decl":{"start":{"line":29,"column":2},"end":{"line":29,"column":21}},"loc":{"start":{"line":29,"column":38},"end":{"line":29,"column":43}}},"2":{"name":"(anonymous_4)","decl":{"start":{"line":31,"column":2},"end":{"line":null,"column":-1}},"loc":{"start":{"line":31,"column":2},"end":{"line":42,"column":3}}},"3":{"name":"(anonymous_5)","decl":{"start":{"line":44,"column":2},"end":{"line":44,"column":17}},"loc":{"start":{"line":44,"column":30},"end":{"line":62,"column":3}}},"4":{"name":"(anonymous_6)","decl":{"start":{"line":59,"column":6},"end":{"line":59,"column":11}},"loc":{"start":{"line":59,"column":6},"end":{"line":59,"column":33}}},"5":{"name":"(anonymous_7)","decl":{"start":{"line":60,"column":6},"end":{"line":60,"column":11}},"loc":{"start":{"line":60,"column":6},"end":{"line":60,"column":33}}},"6":{"name":"(anonymous_8)","decl":{"start":{"line":64,"column":2},"end":{"line":null,"column":-1}},"loc":{"start":{"line":64,"column":2},"end":{"line":67,"column":3}}},"7":{"name":"(anonymous_9)","decl":{"start":{"line":69,"column":2},"end":{"line":null,"column":-1}},"loc":{"start":{"line":69,"column":2},"end":{"line":71,"column":3}}}},"branchMap":{"0":{"loc":{"start":{"line":33,"column":34},"end":{"line":33,"column":53}},"type":"binary-expr","locations":[{"start":{"line":33,"column":34},"end":{"line":33,"column":53}},{"start":{"line":33,"column":57},"end":{"line":33,"column":93}}]},"1":{"loc":{"start":{"line":34,"column":19},"end":{"line":34,"column":39}},"type":"binary-expr","locations":[{"start":{"line":34,"column":19},"end":{"line":34,"column":39}},{"start":{"line":34,"column":43},"end":{"line":34,"column":66}},{"start":{"line":34,"column":70},"end":{"line":34,"column":91}}]},"2":{"loc":{"start":{"line":36,"column":32},"end":{"line":36,"column":49}},"type":"binary-expr","locations":[{"start":{"line":36,"column":32},"end":{"line":36,"column":49}},{"start":{"line":36,"column":53},"end":{"line":36,"column":87}}]},"3":{"loc":{"start":{"line":37,"column":17},"end":{"line":37,"column":35}},"type":"binary-expr","locations":[{"start":{"line":37,"column":17},"end":{"line":37,"column":35}},{"start":{"line":37,"column":39},"end":{"line":37,"column":60}},{"start":{"line":37,"column":64},"end":{"line":37,"column":83}}]},"4":{"loc":{"start":{"line":39,"column":35},"end":{"line":39,"column":55}},"type":"binary-expr","locations":[{"start":{"line":39,"column":35},"end":{"line":39,"column":55}},{"start":{"line":39,"column":59},"end":{"line":39,"column":96}}]},"5":{"loc":{"start":{"line":40,"column":20},"end":{"line":40,"column":41}},"type":"binary-expr","locations":[{"start":{"line":40,"column":20},"end":{"line":40,"column":41}},{"start":{"line":40,"column":45},"end":{"line":40,"column":69}},{"start":{"line":40,"column":73},"end":{"line":40,"column":95}}]},"6":{"loc":{"start":{"line":47,"column":4},"end":{"line":49,"column":5}},"type":"if","locations":[{"start":{"line":47,"column":4},"end":{"line":49,"column":5}},{"start":{"line":47,"column":4},"end":{"line":49,"column":5}}]},"7":{"loc":{"start":{"line":47,"column":8},"end":{"line":47,"column":19}},"type":"binary-expr","locations":[{"start":{"line":47,"column":8},"end":{"line":47,"column":19}},{"start":{"line":47,"column":23},"end":{"line":47,"column":36}}]},"8":{"loc":{"start":{"line":51,"column":4},"end":{"line":53,"column":5}},"type":"if","locations":[{"start":{"line":51,"column":4},"end":{"line":53,"column":5}},{"start":{"line":51,"column":4},"end":{"line":53,"column":5}}]}},"s":{"0":0,"1":0,"2":0,"3":0,"4":0,"5":0,"6":0,"7":0,"8":0,"9":0,"10":0,"11":0,"12":0,"13":0,"14":0,"15":0,"16":0,"17":0,"18":0,"19":0,"20":0,"21":0,"22":0,"23":0,"24":0,"25":0,"26":0,"27":0,"28":0,"29":0,"30":0,"31":0,"32":0,"33":0,"34":0,"35":0,"36":0,"37":0,"38":0,"39":0,"40":0,"41":0,"42":0,"43":0,"44":0,"45":0,"46":0,"47":0,"48":0,"49":0},"f":{"0":0,"1":0,"2":0,"3":0,"4":0,"5":0,"6":0,"7":0},"b":{"0":[0,0],"1":[0,0,0],"2":[0,0],"3":[0,0,0],"4":[0,0],"5":[0,0,0],"6":[0,0],"7":[0,0],"8":[0,0]}}
,"C:\\Users\\0620056509\\Desktop\\Aurelia-Plugin-Skeleton-Webpack-master\\src\\projects\\bootstrap\\src\\button\\abt-checkbox-button.ts": {"path":"C:\\Users\\0620056509\\Desktop\\Aurelia-Plugin-Skeleton-Webpack-master\\src\\projects\\bootstrap\\src\\button\\abt-checkbox-button.ts","statementMap":{"0":{"start":{"line":1,"column":0},"end":{"line":1,"column":122}},"1":{"start":{"line":8,"column":0},"end":{"line":130,"column":0}},"2":{"start":{"line":28,"column":22},"end":{"line":28,"column":38}},"3":{"start":{"line":28,"column":48},"end":{"line":28,"column":76}},"4":{"start":{"line":14,"column":63},"end":{"line":14,"column":98}},"5":{"start":{"line":19,"column":63},"end":{"line":19,"column":82}},"6":{"start":{"line":20,"column":63},"end":{"line":20,"column":82}},"7":{"start":{"line":22,"column":64},"end":{"line":22,"column":91}},"8":{"start":{"line":26,"column":10},"end":{"line":26,"column":49}},"9":{"start":{"line":31,"column":10},"end":{"line":38,"column":3}},"10":{"start":{"line":32,"column":4},"end":{"line":34,"column":5}},"11":{"start":{"line":33,"column":6},"end":{"line":33,"column":13}},"12":{"start":{"line":36,"column":4},"end":{"line":36,"column":29}},"13":{"start":{"line":37,"column":4},"end":{"line":37,"column":38}},"14":{"start":{"line":40,"column":10},"end":{"line":74,"column":3}},"15":{"start":{"line":40,"column":2},"end":{"line":74,"column":2}},"16":{"start":{"line":45,"column":4},"end":{"line":48,"column":5}},"17":{"start":{"line":46,"column":6},"end":{"line":46,"column":30}},"18":{"start":{"line":47,"column":6},"end":{"line":47,"column":13}},"19":{"start":{"line":58,"column":4},"end":{"line":72,"column":5}},"20":{"start":{"line":59,"column":51},"end":{"line":59,"column":92}},"21":{"start":{"line":63,"column":6},"end":{"line":63,"column":50}},"22":{"start":{"line":64,"column":11},"end":{"line":72,"column":5}},"23":{"start":{"line":65,"column":20},"end":{"line":67,"column":56}},"24":{"start":{"line":66,"column":38},"end":{"line":66,"column":79}},"25":{"start":{"line":69,"column":6},"end":{"line":71,"column":7}},"26":{"start":{"line":70,"column":8},"end":{"line":70,"column":38}},"27":{"start":{"line":76,"column":10},"end":{"line":90,"column":3}},"28":{"start":{"line":76,"column":2},"end":{"line":90,"column":2}},"29":{"start":{"line":78,"column":4},"end":{"line":78,"column":31}},"30":{"start":{"line":81,"column":4},"end":{"line":87,"column":5}},"31":{"start":{"line":82,"column":6},"end":{"line":86,"column":11}},"32":{"start":{"line":85,"column":10},"end":{"line":85,"column":41}},"33":{"start":{"line":89,"column":4},"end":{"line":89,"column":35}},"34":{"start":{"line":92,"column":10},"end":{"line":103,"column":3}},"35":{"start":{"line":92,"column":2},"end":{"line":103,"column":2}},"36":{"start":{"line":93,"column":4},"end":{"line":102,"column":5}},"37":{"start":{"line":94,"column":20},"end":{"line":96,"column":56}},"38":{"start":{"line":95,"column":38},"end":{"line":95,"column":79}},"39":{"start":{"line":97,"column":6},"end":{"line":97,"column":32}},"40":{"start":{"line":99,"column":6},"end":{"line":99,"column":28}},"41":{"start":{"line":105,"column":10},"end":{"line":110,"column":3}},"42":{"start":{"line":106,"column":4},"end":{"line":109,"column":5}},"43":{"start":{"line":107,"column":6},"end":{"line":107,"column":34}},"44":{"start":{"line":108,"column":6},"end":{"line":108,"column":31}},"45":{"start":{"line":114,"column":10},"end":{"line":124,"column":3}},"46":{"start":{"line":116,"column":4},"end":{"line":118,"column":5}},"47":{"start":{"line":117,"column":6},"end":{"line":117,"column":33}},"48":{"start":{"line":120,"column":4},"end":{"line":120,"column":103}},"49":{"start":{"line":122,"column":4},"end":{"line":122,"column":39}},"50":{"start":{"line":126,"column":10},"end":{"line":128,"column":3}},"51":{"start":{"line":127,"column":4},"end":{"line":127,"column":31}},"52":{"start":{"line":10,"column":56},"end":{"line":10,"column":74}},"53":{"start":{"line":11,"column":56},"end":{"line":11,"column":74}},"54":{"start":{"line":12,"column":56},"end":{"line":12,"column":76}},"55":{"start":{"line":13,"column":56},"end":{"line":13,"column":76}},"56":{"start":{"line":14,"column":56},"end":{"line":14,"column":98}},"57":{"start":{"line":17,"column":57},"end":{"line":17,"column":75}},"58":{"start":{"line":19,"column":56},"end":{"line":19,"column":82}},"59":{"start":{"line":20,"column":56},"end":{"line":20,"column":82}},"60":{"start":{"line":22,"column":57},"end":{"line":22,"column":91}},"61":{"start":{"line":8,"column":13},"end":{"line":130,"column":1}},"62":{"start":{"line":130,"column":0},"end":{"line":130,"column":1}},"63":{"start":{"line":8,"column":13},"end":{"line":8,"column":29}}},"fnMap":{"0":{"name":"(anonymous_2)","decl":{"start":{"line":8,"column":0},"end":{"line":null,"column":-1}},"loc":{"start":{"line":8,"column":0},"end":{"line":8,"column":-1}}},"1":{"name":"AtCheckboxButton","decl":{"start":{"line":28,"column":2},"end":{"line":28,"column":21}},"loc":{"start":{"line":28,"column":76},"end":{"line":29,"column":3}}},"2":{"name":"(anonymous_4)","decl":{"start":{"line":31,"column":2},"end":{"line":null,"column":-1}},"loc":{"start":{"line":31,"column":2},"end":{"line":38,"column":3}}},"3":{"name":"(anonymous_5)","decl":{"start":{"line":40,"column":2},"end":{"line":40,"column":26}},"loc":{"start":{"line":40,"column":40},"end":{"line":74,"column":3}}},"4":{"name":"(anonymous_6)","decl":{"start":{"line":59,"column":46},"end":{"line":59,"column":45}},"loc":{"start":{"line":59,"column":47},"end":{"line":59,"column":92}}},"5":{"name":"(anonymous_7)","decl":{"start":{"line":66,"column":33},"end":{"line":66,"column":32}},"loc":{"start":{"line":66,"column":34},"end":{"line":66,"column":79}}},"6":{"name":"(anonymous_8)","decl":{"start":{"line":76,"column":2},"end":{"line":76,"column":24}},"loc":{"start":{"line":76,"column":38},"end":{"line":90,"column":3}}},"7":{"name":"(anonymous_9)","decl":{"start":{"line":83,"column":19},"end":{"line":null,"column":-1}},"loc":{"start":{"line":83,"column":19},"end":{"line":86,"column":9}}},"8":{"name":"(anonymous_10)","decl":{"start":{"line":92,"column":2},"end":{"line":92,"column":25}},"loc":{"start":{"line":92,"column":39},"end":{"line":103,"column":3}}},"9":{"name":"(anonymous_11)","decl":{"start":{"line":95,"column":33},"end":{"line":95,"column":32}},"loc":{"start":{"line":95,"column":34},"end":{"line":95,"column":79}}},"10":{"name":"(anonymous_12)","decl":{"start":{"line":105,"column":2},"end":{"line":null,"column":-1}},"loc":{"start":{"line":105,"column":2},"end":{"line":110,"column":3}}},"11":{"name":"(anonymous_13)","decl":{"start":{"line":114,"column":2},"end":{"line":null,"column":-1}},"loc":{"start":{"line":114,"column":2},"end":{"line":124,"column":3}}},"12":{"name":"(anonymous_14)","decl":{"start":{"line":126,"column":2},"end":{"line":null,"column":-1}},"loc":{"start":{"line":126,"column":2},"end":{"line":128,"column":3}}}},"branchMap":{"0":{"loc":{"start":{"line":32,"column":4},"end":{"line":34,"column":5}},"type":"if","locations":[{"start":{"line":32,"column":4},"end":{"line":34,"column":5}},{"start":{"line":32,"column":4},"end":{"line":34,"column":5}}]},"1":{"loc":{"start":{"line":45,"column":4},"end":{"line":48,"column":5}},"type":"if","locations":[{"start":{"line":45,"column":4},"end":{"line":48,"column":5}},{"start":{"line":45,"column":4},"end":{"line":48,"column":5}}]},"2":{"loc":{"start":{"line":58,"column":4},"end":{"line":72,"column":5}},"type":"if","locations":[{"start":{"line":58,"column":4},"end":{"line":72,"column":5}},{"start":{"line":58,"column":4},"end":{"line":72,"column":5}}]},"3":{"loc":{"start":{"line":58,"column":8},"end":{"line":58,"column":16}},"type":"binary-expr","locations":[{"start":{"line":58,"column":8},"end":{"line":58,"column":16}},{"start":{"line":59,"column":7},"end":{"line":59,"column":19}},{"start":{"line":59,"column":23},"end":{"line":59,"column":100}},{"start":{"line":61,"column":7},"end":{"line":61,"column":60}}]},"4":{"loc":{"start":{"line":59,"column":67},"end":{"line":59,"column":77}},"type":"binary-expr","locations":[{"start":{"line":59,"column":67},"end":{"line":59,"column":77}},{"start":{"line":59,"column":81},"end":{"line":59,"column":91}}]},"5":{"loc":{"start":{"line":61,"column":28},"end":{"line":61,"column":38}},"type":"binary-expr","locations":[{"start":{"line":61,"column":28},"end":{"line":61,"column":38}},{"start":{"line":61,"column":42},"end":{"line":61,"column":52}}]},"6":{"loc":{"start":{"line":63,"column":24},"end":{"line":63,"column":34}},"type":"binary-expr","locations":[{"start":{"line":63,"column":24},"end":{"line":63,"column":34}},{"start":{"line":63,"column":38},"end":{"line":63,"column":48}}]},"7":{"loc":{"start":{"line":64,"column":11},"end":{"line":72,"column":5}},"type":"if","locations":[{"start":{"line":64,"column":11},"end":{"line":72,"column":5}},{"start":{"line":64,"column":11},"end":{"line":72,"column":5}}]},"8":{"loc":{"start":{"line":66,"column":10},"end":{"line":66,"column":80}},"type":"cond-expr","locations":[{"start":{"line":66,"column":10},"end":{"line":66,"column":80}},{"start":{"line":67,"column":10},"end":{"line":67,"column":56}}]},"9":{"loc":{"start":{"line":66,"column":54},"end":{"line":66,"column":64}},"type":"binary-expr","locations":[{"start":{"line":66,"column":54},"end":{"line":66,"column":64}},{"start":{"line":66,"column":68},"end":{"line":66,"column":78}}]},"10":{"loc":{"start":{"line":67,"column":31},"end":{"line":67,"column":41}},"type":"binary-expr","locations":[{"start":{"line":67,"column":31},"end":{"line":67,"column":41}},{"start":{"line":67,"column":45},"end":{"line":67,"column":55}}]},"11":{"loc":{"start":{"line":69,"column":6},"end":{"line":71,"column":7}},"type":"if","locations":[{"start":{"line":69,"column":6},"end":{"line":71,"column":7}},{"start":{"line":69,"column":6},"end":{"line":71,"column":7}}]},"12":{"loc":{"start":{"line":81,"column":4},"end":{"line":87,"column":5}},"type":"if","locations":[{"start":{"line":81,"column":4},"end":{"line":87,"column":5}},{"start":{"line":81,"column":4},"end":{"line":87,"column":5}}]},"13":{"loc":{"start":{"line":93,"column":4},"end":{"line":102,"column":5}},"type":"if","locations":[{"start":{"line":93,"column":4},"end":{"line":102,"column":5}},{"start":{"line":93,"column":4},"end":{"line":102,"column":5}}]},"14":{"loc":{"start":{"line":95,"column":10},"end":{"line":95,"column":80}},"type":"cond-expr","locations":[{"start":{"line":95,"column":10},"end":{"line":95,"column":80}},{"start":{"line":96,"column":10},"end":{"line":96,"column":56}}]},"15":{"loc":{"start":{"line":95,"column":54},"end":{"line":95,"column":64}},"type":"binary-expr","locations":[{"start":{"line":95,"column":54},"end":{"line":95,"column":64}},{"start":{"line":95,"column":68},"end":{"line":95,"column":78}}]},"16":{"loc":{"start":{"line":96,"column":31},"end":{"line":96,"column":41}},"type":"binary-expr","locations":[{"start":{"line":96,"column":31},"end":{"line":96,"column":41}},{"start":{"line":96,"column":45},"end":{"line":96,"column":55}}]},"17":{"loc":{"start":{"line":106,"column":4},"end":{"line":109,"column":5}},"type":"if","locations":[{"start":{"line":106,"column":4},"end":{"line":109,"column":5}},{"start":{"line":106,"column":4},"end":{"line":109,"column":5}}]},"18":{"loc":{"start":{"line":116,"column":4},"end":{"line":118,"column":5}},"type":"if","locations":[{"start":{"line":116,"column":4},"end":{"line":118,"column":5}},{"start":{"line":116,"column":4},"end":{"line":118,"column":5}}]},"19":{"loc":{"start":{"line":120,"column":20},"end":{"line":120,"column":42}},"type":"binary-expr","locations":[{"start":{"line":120,"column":20},"end":{"line":120,"column":42}},{"start":{"line":120,"column":46},"end":{"line":120,"column":70}},{"start":{"line":120,"column":74},"end":{"line":120,"column":102}}]}},"s":{"0":0,"1":0,"2":0,"3":0,"4":0,"5":0,"6":0,"7":0,"8":0,"9":0,"10":0,"11":0,"12":0,"13":0,"14":0,"15":0,"16":0,"17":0,"18":0,"19":0,"20":0,"21":0,"22":0,"23":0,"24":0,"25":0,"26":0,"27":0,"28":0,"29":0,"30":0,"31":0,"32":0,"33":0,"34":0,"35":0,"36":0,"37":0,"38":0,"39":0,"40":0,"41":0,"42":0,"43":0,"44":0,"45":0,"46":0,"47":0,"48":0,"49":0,"50":0,"51":0,"52":0,"53":0,"54":0,"55":0,"56":0,"57":0,"58":0,"59":0,"60":0,"61":0,"62":0,"63":0},"f":{"0":0,"1":0,"2":0,"3":0,"4":0,"5":0,"6":0,"7":0,"8":0,"9":0,"10":0,"11":0,"12":0},"b":{"0":[0,0],"1":[0,0],"2":[0,0],"3":[0,0,0,0],"4":[0,0],"5":[0,0],"6":[0,0],"7":[0,0],"8":[0,0],"9":[0,0],"10":[0,0],"11":[0,0],"12":[0,0],"13":[0,0],"14":[0,0],"15":[0,0],"16":[0,0],"17":[0,0],"18":[0,0],"19":[0,0,0]}}
,"C:\\Users\\0620056509\\Desktop\\Aurelia-Plugin-Skeleton-Webpack-master\\src\\projects\\bootstrap\\src\\button\\abt-link-button.ts": {"path":"C:\\Users\\0620056509\\Desktop\\Aurelia-Plugin-Skeleton-Webpack-master\\src\\projects\\bootstrap\\src\\button\\abt-link-button.ts","statementMap":{"0":{"start":{"line":1,"column":0},"end":{"line":1,"column":95}},"1":{"start":{"line":7,"column":0},"end":{"line":73,"column":0}},"2":{"start":{"line":27,"column":22},"end":{"line":27,"column":38}},"3":{"start":{"line":9,"column":64},"end":{"line":9,"column":89}},"4":{"start":{"line":10,"column":64},"end":{"line":10,"column":84}},"5":{"start":{"line":12,"column":64},"end":{"line":12,"column":98}},"6":{"start":{"line":13,"column":64},"end":{"line":13,"column":96}},"7":{"start":{"line":15,"column":63},"end":{"line":15,"column":82}},"8":{"start":{"line":16,"column":63},"end":{"line":16,"column":82}},"9":{"start":{"line":18,"column":63},"end":{"line":18,"column":81}},"10":{"start":{"line":24,"column":10},"end":{"line":24,"column":34}},"11":{"start":{"line":25,"column":10},"end":{"line":25,"column":44}},"12":{"start":{"line":29,"column":10},"end":{"line":40,"column":3}},"13":{"start":{"line":31,"column":34},"end":{"line":31,"column":93}},"14":{"start":{"line":32,"column":4},"end":{"line":32,"column":92}},"15":{"start":{"line":34,"column":32},"end":{"line":34,"column":87}},"16":{"start":{"line":35,"column":4},"end":{"line":35,"column":84}},"17":{"start":{"line":37,"column":35},"end":{"line":37,"column":96}},"18":{"start":{"line":38,"column":4},"end":{"line":38,"column":96}},"19":{"start":{"line":42,"column":10},"end":{"line":63,"column":3}},"20":{"start":{"line":42,"column":2},"end":{"line":63,"column":2}},"21":{"start":{"line":44,"column":4},"end":{"line":46,"column":5}},"22":{"start":{"line":45,"column":6},"end":{"line":45,"column":18}},"23":{"start":{"line":48,"column":4},"end":{"line":48,"column":27}},"24":{"start":{"line":50,"column":4},"end":{"line":52,"column":5}},"25":{"start":{"line":51,"column":6},"end":{"line":51,"column":19}},"26":{"start":{"line":54,"column":4},"end":{"line":54,"column":23}},"27":{"start":{"line":56,"column":4},"end":{"line":60,"column":8}},"28":{"start":{"line":58,"column":14},"end":{"line":58,"column":35}},"29":{"start":{"line":59,"column":14},"end":{"line":59,"column":35}},"30":{"start":{"line":62,"column":4},"end":{"line":62,"column":17}},"31":{"start":{"line":65,"column":10},"end":{"line":68,"column":3}},"32":{"start":{"line":66,"column":4},"end":{"line":66,"column":21}},"33":{"start":{"line":67,"column":4},"end":{"line":67,"column":24}},"34":{"start":{"line":70,"column":10},"end":{"line":72,"column":3}},"35":{"start":{"line":71,"column":4},"end":{"line":71,"column":21}},"36":{"start":{"line":9,"column":57},"end":{"line":9,"column":89}},"37":{"start":{"line":10,"column":57},"end":{"line":10,"column":84}},"38":{"start":{"line":12,"column":57},"end":{"line":12,"column":98}},"39":{"start":{"line":13,"column":57},"end":{"line":13,"column":96}},"40":{"start":{"line":15,"column":56},"end":{"line":15,"column":82}},"41":{"start":{"line":16,"column":56},"end":{"line":16,"column":82}},"42":{"start":{"line":18,"column":56},"end":{"line":18,"column":81}},"43":{"start":{"line":19,"column":57},"end":{"line":19,"column":75}},"44":{"start":{"line":21,"column":56},"end":{"line":21,"column":79}},"45":{"start":{"line":22,"column":56},"end":{"line":22,"column":90}},"46":{"start":{"line":7,"column":13},"end":{"line":73,"column":1}},"47":{"start":{"line":73,"column":0},"end":{"line":73,"column":1}},"48":{"start":{"line":7,"column":13},"end":{"line":7,"column":25}}},"fnMap":{"0":{"name":"(anonymous_2)","decl":{"start":{"line":7,"column":0},"end":{"line":null,"column":-1}},"loc":{"start":{"line":7,"column":0},"end":{"line":7,"column":-1}}},"1":{"name":"AtLinkButton","decl":{"start":{"line":27,"column":2},"end":{"line":27,"column":21}},"loc":{"start":{"line":27,"column":38},"end":{"line":27,"column":43}}},"2":{"name":"(anonymous_4)","decl":{"start":{"line":29,"column":2},"end":{"line":null,"column":-1}},"loc":{"start":{"line":29,"column":2},"end":{"line":40,"column":3}}},"3":{"name":"(anonymous_5)","decl":{"start":{"line":42,"column":2},"end":{"line":42,"column":17}},"loc":{"start":{"line":42,"column":30},"end":{"line":63,"column":3}}},"4":{"name":"(anonymous_6)","decl":{"start":{"line":58,"column":8},"end":{"line":58,"column":13}},"loc":{"start":{"line":58,"column":8},"end":{"line":58,"column":35}}},"5":{"name":"(anonymous_7)","decl":{"start":{"line":59,"column":8},"end":{"line":59,"column":13}},"loc":{"start":{"line":59,"column":8},"end":{"line":59,"column":35}}},"6":{"name":"(anonymous_8)","decl":{"start":{"line":65,"column":2},"end":{"line":null,"column":-1}},"loc":{"start":{"line":65,"column":2},"end":{"line":68,"column":3}}},"7":{"name":"(anonymous_9)","decl":{"start":{"line":70,"column":2},"end":{"line":null,"column":-1}},"loc":{"start":{"line":70,"column":2},"end":{"line":72,"column":3}}}},"branchMap":{"0":{"loc":{"start":{"line":31,"column":34},"end":{"line":31,"column":53}},"type":"binary-expr","locations":[{"start":{"line":31,"column":34},"end":{"line":31,"column":53}},{"start":{"line":31,"column":57},"end":{"line":31,"column":93}}]},"1":{"loc":{"start":{"line":32,"column":19},"end":{"line":32,"column":39}},"type":"binary-expr","locations":[{"start":{"line":32,"column":19},"end":{"line":32,"column":39}},{"start":{"line":32,"column":43},"end":{"line":32,"column":66}},{"start":{"line":32,"column":70},"end":{"line":32,"column":91}}]},"2":{"loc":{"start":{"line":34,"column":32},"end":{"line":34,"column":49}},"type":"binary-expr","locations":[{"start":{"line":34,"column":32},"end":{"line":34,"column":49}},{"start":{"line":34,"column":53},"end":{"line":34,"column":87}}]},"3":{"loc":{"start":{"line":35,"column":17},"end":{"line":35,"column":35}},"type":"binary-expr","locations":[{"start":{"line":35,"column":17},"end":{"line":35,"column":35}},{"start":{"line":35,"column":39},"end":{"line":35,"column":60}},{"start":{"line":35,"column":64},"end":{"line":35,"column":83}}]},"4":{"loc":{"start":{"line":37,"column":35},"end":{"line":37,"column":55}},"type":"binary-expr","locations":[{"start":{"line":37,"column":35},"end":{"line":37,"column":55}},{"start":{"line":37,"column":59},"end":{"line":37,"column":96}}]},"5":{"loc":{"start":{"line":38,"column":20},"end":{"line":38,"column":41}},"type":"binary-expr","locations":[{"start":{"line":38,"column":20},"end":{"line":38,"column":41}},{"start":{"line":38,"column":45},"end":{"line":38,"column":69}},{"start":{"line":38,"column":73},"end":{"line":38,"column":95}}]},"6":{"loc":{"start":{"line":44,"column":4},"end":{"line":46,"column":5}},"type":"if","locations":[{"start":{"line":44,"column":4},"end":{"line":46,"column":5}},{"start":{"line":44,"column":4},"end":{"line":46,"column":5}}]},"7":{"loc":{"start":{"line":50,"column":4},"end":{"line":52,"column":5}},"type":"if","locations":[{"start":{"line":50,"column":4},"end":{"line":52,"column":5}},{"start":{"line":50,"column":4},"end":{"line":52,"column":5}}]},"8":{"loc":{"start":{"line":50,"column":8},"end":{"line":50,"column":17}},"type":"binary-expr","locations":[{"start":{"line":50,"column":8},"end":{"line":50,"column":17}},{"start":{"line":50,"column":21},"end":{"line":50,"column":34}}]}},"s":{"0":0,"1":0,"2":0,"3":0,"4":0,"5":0,"6":0,"7":0,"8":0,"9":0,"10":0,"11":0,"12":0,"13":0,"14":0,"15":0,"16":0,"17":0,"18":0,"19":0,"20":0,"21":0,"22":0,"23":0,"24":0,"25":0,"26":0,"27":0,"28":0,"29":0,"30":0,"31":0,"32":0,"33":0,"34":0,"35":0,"36":0,"37":0,"38":0,"39":0,"40":0,"41":0,"42":0,"43":0,"44":0,"45":0,"46":0,"47":0,"48":0},"f":{"0":0,"1":0,"2":0,"3":0,"4":0,"5":0,"6":0,"7":0},"b":{"0":[0,0],"1":[0,0,0],"2":[0,0],"3":[0,0,0],"4":[0,0],"5":[0,0,0],"6":[0,0],"7":[0,0],"8":[0,0]}}
,"C:\\Users\\0620056509\\Desktop\\Aurelia-Plugin-Skeleton-Webpack-master\\src\\projects\\bootstrap\\src\\button\\abt-radio-button.ts": {"path":"C:\\Users\\0620056509\\Desktop\\Aurelia-Plugin-Skeleton-Webpack-master\\src\\projects\\bootstrap\\src\\button\\abt-radio-button.ts","statementMap":{"0":{"start":{"line":1,"column":0},"end":{"line":1,"column":122}},"1":{"start":{"line":8,"column":0},"end":{"line":76,"column":0}},"2":{"start":{"line":31,"column":22},"end":{"line":31,"column":38}},"3":{"start":{"line":31,"column":48},"end":{"line":31,"column":76}},"4":{"start":{"line":14,"column":63},"end":{"line":14,"column":98}},"5":{"start":{"line":19,"column":63},"end":{"line":19,"column":82}},"6":{"start":{"line":20,"column":63},"end":{"line":20,"column":82}},"7":{"start":{"line":22,"column":64},"end":{"line":22,"column":91}},"8":{"start":{"line":24,"column":64},"end":{"line":24,"column":82}},"9":{"start":{"line":27,"column":10},"end":{"line":27,"column":49}},"10":{"start":{"line":34,"column":10},"end":{"line":40,"column":3}},"11":{"start":{"line":35,"column":4},"end":{"line":37,"column":5}},"12":{"start":{"line":36,"column":6},"end":{"line":36,"column":13}},"13":{"start":{"line":39,"column":4},"end":{"line":39,"column":28}},"14":{"start":{"line":42,"column":10},"end":{"line":50,"column":3}},"15":{"start":{"line":44,"column":4},"end":{"line":46,"column":19}},"16":{"start":{"line":49,"column":6},"end":{"line":49,"column":44}},"17":{"start":{"line":52,"column":10},"end":{"line":66,"column":3}},"18":{"start":{"line":53,"column":4},"end":{"line":61,"column":5}},"19":{"start":{"line":54,"column":6},"end":{"line":56,"column":38}},"20":{"start":{"line":57,"column":11},"end":{"line":61,"column":5}},"21":{"start":{"line":58,"column":6},"end":{"line":60,"column":38}},"22":{"start":{"line":64,"column":4},"end":{"line":64,"column":42}},"23":{"start":{"line":69,"column":10},"end":{"line":73,"column":3}},"24":{"start":{"line":71,"column":4},"end":{"line":71,"column":103}},"25":{"start":{"line":72,"column":4},"end":{"line":72,"column":27}},"26":{"start":{"line":10,"column":56},"end":{"line":10,"column":74}},"27":{"start":{"line":11,"column":56},"end":{"line":11,"column":74}},"28":{"start":{"line":12,"column":56},"end":{"line":12,"column":76}},"29":{"start":{"line":13,"column":56},"end":{"line":13,"column":76}},"30":{"start":{"line":14,"column":56},"end":{"line":14,"column":98}},"31":{"start":{"line":17,"column":57},"end":{"line":17,"column":75}},"32":{"start":{"line":19,"column":56},"end":{"line":19,"column":82}},"33":{"start":{"line":20,"column":56},"end":{"line":20,"column":82}},"34":{"start":{"line":22,"column":57},"end":{"line":22,"column":91}},"35":{"start":{"line":24,"column":57},"end":{"line":24,"column":82}},"36":{"start":{"line":8,"column":13},"end":{"line":76,"column":1}},"37":{"start":{"line":76,"column":0},"end":{"line":76,"column":1}},"38":{"start":{"line":8,"column":13},"end":{"line":8,"column":26}}},"fnMap":{"0":{"name":"(anonymous_2)","decl":{"start":{"line":8,"column":0},"end":{"line":null,"column":-1}},"loc":{"start":{"line":8,"column":0},"end":{"line":8,"column":-1}}},"1":{"name":"AtRadioButton","decl":{"start":{"line":31,"column":2},"end":{"line":31,"column":21}},"loc":{"start":{"line":31,"column":76},"end":{"line":32,"column":3}}},"2":{"name":"(anonymous_4)","decl":{"start":{"line":34,"column":2},"end":{"line":null,"column":-1}},"loc":{"start":{"line":34,"column":2},"end":{"line":40,"column":3}}},"3":{"name":"(anonymous_5)","decl":{"start":{"line":42,"column":2},"end":{"line":null,"column":-1}},"loc":{"start":{"line":42,"column":2},"end":{"line":50,"column":3}}},"4":{"name":"(anonymous_6)","decl":{"start":{"line":52,"column":2},"end":{"line":null,"column":-1}},"loc":{"start":{"line":52,"column":2},"end":{"line":66,"column":3}}},"5":{"name":"(anonymous_7)","decl":{"start":{"line":69,"column":2},"end":{"line":null,"column":-1}},"loc":{"start":{"line":69,"column":2},"end":{"line":73,"column":3}}}},"branchMap":{"0":{"loc":{"start":{"line":35,"column":4},"end":{"line":37,"column":5}},"type":"if","locations":[{"start":{"line":35,"column":4},"end":{"line":37,"column":5}},{"start":{"line":35,"column":4},"end":{"line":37,"column":5}}]},"1":{"loc":{"start":{"line":45,"column":8},"end":{"line":45,"column":18}},"type":"cond-expr","locations":[{"start":{"line":45,"column":8},"end":{"line":45,"column":18}},{"start":{"line":46,"column":8},"end":{"line":46,"column":18}}]},"2":{"loc":{"start":{"line":53,"column":4},"end":{"line":61,"column":5}},"type":"if","locations":[{"start":{"line":53,"column":4},"end":{"line":61,"column":5}},{"start":{"line":53,"column":4},"end":{"line":61,"column":5}}]},"3":{"loc":{"start":{"line":55,"column":10},"end":{"line":55,"column":48}},"type":"cond-expr","locations":[{"start":{"line":55,"column":10},"end":{"line":55,"column":48}},{"start":{"line":56,"column":10},"end":{"line":56,"column":37}}]},"4":{"loc":{"start":{"line":57,"column":11},"end":{"line":61,"column":5}},"type":"if","locations":[{"start":{"line":57,"column":11},"end":{"line":61,"column":5}},{"start":{"line":57,"column":11},"end":{"line":61,"column":5}}]},"5":{"loc":{"start":{"line":59,"column":10},"end":{"line":59,"column":48}},"type":"cond-expr","locations":[{"start":{"line":59,"column":10},"end":{"line":59,"column":48}},{"start":{"line":60,"column":10},"end":{"line":60,"column":37}}]},"6":{"loc":{"start":{"line":71,"column":20},"end":{"line":71,"column":42}},"type":"binary-expr","locations":[{"start":{"line":71,"column":20},"end":{"line":71,"column":42}},{"start":{"line":71,"column":46},"end":{"line":71,"column":70}},{"start":{"line":71,"column":74},"end":{"line":71,"column":102}}]}},"s":{"0":0,"1":0,"2":0,"3":0,"4":0,"5":0,"6":0,"7":0,"8":0,"9":0,"10":0,"11":0,"12":0,"13":0,"14":0,"15":0,"16":0,"17":0,"18":0,"19":0,"20":0,"21":0,"22":0,"23":0,"24":0,"25":0,"26":0,"27":0,"28":0,"29":0,"30":0,"31":0,"32":0,"33":0,"34":0,"35":0,"36":0,"37":0,"38":0},"f":{"0":0,"1":0,"2":0,"3":0,"4":0,"5":0},"b":{"0":[0,0],"1":[0,0],"2":[0,0],"3":[0,0],"4":[0,0],"5":[0,0],"6":[0,0,0]}}
,"C:\\Users\\0620056509\\Desktop\\Aurelia-Plugin-Skeleton-Webpack-master\\src\\projects\\bootstrap\\src\\button\\abt-toolbar.ts": {"path":"C:\\Users\\0620056509\\Desktop\\Aurelia-Plugin-Skeleton-Webpack-master\\src\\projects\\bootstrap\\src\\button\\abt-toolbar.ts","statementMap":{"0":{"start":{"line":1,"column":0},"end":{"line":1,"column":95}},"1":{"start":{"line":9,"column":0},"end":{"line":17,"column":0}},"2":{"start":{"line":12,"column":64},"end":{"line":12,"column":80}},"3":{"start":{"line":13,"column":64},"end":{"line":13,"column":83}},"4":{"start":{"line":14,"column":63},"end":{"line":14,"column":82}},"5":{"start":{"line":15,"column":63},"end":{"line":15,"column":82}},"6":{"start":{"line":12,"column":57},"end":{"line":12,"column":80}},"7":{"start":{"line":13,"column":57},"end":{"line":13,"column":83}},"8":{"start":{"line":14,"column":56},"end":{"line":14,"column":82}},"9":{"start":{"line":15,"column":56},"end":{"line":15,"column":82}},"10":{"start":{"line":9,"column":13},"end":{"line":17,"column":1}},"11":{"start":{"line":17,"column":0},"end":{"line":17,"column":1}},"12":{"start":{"line":9,"column":13},"end":{"line":9,"column":22}}},"fnMap":{"0":{"name":"(anonymous_2)","decl":{"start":{"line":9,"column":0},"end":{"line":null,"column":-1}},"loc":{"start":{"line":9,"column":0},"end":{"line":9,"column":-1}}},"1":{"name":"AtToolbar","decl":{"start":{"line":6,"column":0},"end":{"line":null,"column":-1}},"loc":{"start":{"line":6,"column":0},"end":{"line":17,"column":1}}}},"branchMap":{},"s":{"0":0,"1":0,"2":0,"3":0,"4":0,"5":0,"6":0,"7":0,"8":0,"9":0,"10":0,"11":0,"12":0},"f":{"0":0,"1":0},"b":{}}
,"C:\\Users\\0620056509\\Desktop\\Aurelia-Plugin-Skeleton-Webpack-master\\src\\projects\\bootstrap\\src\\button\\index.ts": {"path":"C:\\Users\\0620056509\\Desktop\\Aurelia-Plugin-Skeleton-Webpack-master\\src\\projects\\bootstrap\\src\\button\\index.ts","statementMap":{"0":{"start":{"line":2,"column":0},"end":{"line":2,"column":39}},"1":{"start":{"line":3,"column":0},"end":{"line":3,"column":41}},"2":{"start":{"line":4,"column":0},"end":{"line":4,"column":50}},"3":{"start":{"line":5,"column":0},"end":{"line":5,"column":56}},"4":{"start":{"line":6,"column":0},"end":{"line":6,"column":50}},"5":{"start":{"line":15,"column":2},"end":{"line":21,"column":5}},"6":{"start":{"line":13,"column":0},"end":{"line":23,"column":1}}},"fnMap":{"0":{"name":"configure","decl":{"start":{"line":13,"column":16},"end":{"line":13,"column":25}},"loc":{"start":{"line":13,"column":56},"end":{"line":23,"column":1}}}},"branchMap":{},"s":{"0":0,"1":0,"2":0,"3":0,"4":0,"5":0,"6":0},"f":{"0":0},"b":{}}
,"C:\\Users\\0620056509\\Desktop\\Aurelia-Plugin-Skeleton-Webpack-master\\src\\projects\\shared\\contextual-variant.ts": {"path":"C:\\Users\\0620056509\\Desktop\\Aurelia-Plugin-Skeleton-Webpack-master\\src\\projects\\shared\\contextual-variant.ts","statementMap":{"0":{"start":{"line":3,"column":0},"end":{"line":12,"column":1}},"1":{"start":{"line":4,"column":2},"end":{"line":4,"column":21}},"2":{"start":{"line":5,"column":2},"end":{"line":5,"column":25}},"3":{"start":{"line":6,"column":2},"end":{"line":6,"column":15}},"4":{"start":{"line":7,"column":2},"end":{"line":7,"column":21}},"5":{"start":{"line":8,"column":2},"end":{"line":8,"column":21}},"6":{"start":{"line":9,"column":2},"end":{"line":9,"column":19}},"7":{"start":{"line":10,"column":2},"end":{"line":10,"column":17}},"8":{"start":{"line":11,"column":2},"end":{"line":11,"column":15}}},"fnMap":{"0":{"name":"(anonymous_0)","decl":{"start":{"line":3,"column":0},"end":{"line":3,"column":11}},"loc":{"start":{"line":3,"column":29},"end":{"line":12,"column":1}}}},"branchMap":{"0":{"loc":{"start":{"line":3,"column":12},"end":{"line":3,"column":29}},"type":"binary-expr","locations":[{"start":{"line":3,"column":12},"end":{"line":3,"column":29}},{"start":{"line":3,"column":12},"end":{"line":3,"column":29}}]}},"s":{"0":0,"1":0,"2":0,"3":0,"4":0,"5":0,"6":0,"7":0,"8":0},"f":{"0":0},"b":{"0":[0,0]}}
}
